<?xml version="1.0" encoding="UTF-8"?>
<testng-results ignored="0" total="1" passed="1" failed="0" skipped="0">
  <reporter-output>
  </reporter-output>
  <suite started-at="2026-06-10T16:59:26 IST" name="GUIElementsSuite" finished-at="2026-06-10T17:03:18 IST" duration-ms="232254">
    <groups>
    </groups>
    <test started-at="2026-06-10T16:59:26 IST" name="GUIElementsTest" finished-at="2026-06-10T17:03:18 IST" duration-ms="232254">
      <class name="tests.GUIElementsTest">
        <test-method is-config="true" signature="setup()[pri:0, instance:tests.GUIElementsTest@376a0d86]" started-at="2026-06-10T16:59:26 IST" name="setup" finished-at="2026-06-10T16:59:32 IST" duration-ms="5955" status="PASS">
          <reporter-output>
          </reporter-output>
        </test-method> <!-- setup -->
        <test-method signature="automateGUIElements()[pri:0, instance:tests.GUIElementsTest@376a0d86]" started-at="2026-06-10T16:59:32 IST" name="automateGUIElements" finished-at="2026-06-10T17:03:17 IST" duration-ms="225278" status="PASS">
          <reporter-output>
          </reporter-output>
        </test-method> <!-- automateGUIElements -->
        <test-method is-config="true" signature="tearDown()[pri:0, instance:tests.GUIElementsTest@376a0d86]" started-at="2026-06-10T17:03:17 IST" name="tearDown" finished-at="2026-06-10T17:03:18 IST" duration-ms="910" status="PASS">
          <reporter-output>
          </reporter-output>
        </test-method> <!-- tearDown -->
      </class> <!-- tests.GUIElementsTest -->
    </test> <!-- GUIElementsTest -->
  </suite> <!-- GUIElementsSuite -->
</testng-results>
